\BOOKMARK [1][-]{section.1}{Descri\347\343o do Problema}{}% 1
\BOOKMARK [2][-]{subsection.1.1}{M\341quina utilizada}{section.1}% 2
\BOOKMARK [1][-]{section.2}{Efeito n\372mero de pessoas}{}% 3
\BOOKMARK [2][-]{subsection.2.1}{Tempo}{section.2}% 4
\BOOKMARK [3][-]{subsubsection.2.1.1}{Heur\355stica}{subsection.2.1}% 5
\BOOKMARK [3][-]{subsubsection.2.1.2}{Busca Local}{subsection.2.1}% 6
\BOOKMARK [3][-]{subsubsection.2.1.3}{Busca Global}{subsection.2.1}% 7
\BOOKMARK [2][-]{subsection.2.2}{Qualidade da solu\347\343o}{section.2}% 8
\BOOKMARK [3][-]{subsubsection.2.2.1}{Heur\355stica}{subsection.2.2}% 9
\BOOKMARK [3][-]{subsubsection.2.2.2}{Busca Local}{subsection.2.2}% 10
\BOOKMARK [3][-]{subsubsection.2.2.3}{Busca Global}{subsection.2.2}% 11
\BOOKMARK [1][-]{section.3}{Efeito n\372mero de objetos}{}% 12
\BOOKMARK [2][-]{subsection.3.1}{Tempo}{section.3}% 13
\BOOKMARK [3][-]{subsubsection.3.1.1}{Heur\355stica}{subsection.3.1}% 14
\BOOKMARK [3][-]{subsubsection.3.1.2}{Busca Local}{subsection.3.1}% 15
\BOOKMARK [3][-]{subsubsection.3.1.3}{Busca Global}{subsection.3.1}% 16
\BOOKMARK [2][-]{subsection.3.2}{Qualidade da solu\347\343o}{section.3}% 17
\BOOKMARK [3][-]{subsubsection.3.2.1}{Comparac\365es}{subsection.3.2}% 18
\BOOKMARK [3][-]{subsubsection.3.2.2}{Busca Global}{subsection.3.2}% 19
\BOOKMARK [1][-]{section.4}{Conclus\343o}{}% 20
